Base path: C:/Program Files (x86)/Unity_4.6.3f1/Editor/Data
Pipe name: \\.\pipe\UnityShaderCompiler-6-7484
Cmd: getPlatforms
Cmd: compileSnippet
  api=9 type=1 insize=5464 outsize=7 kw= ok=1
Cmd: compileSnippet
  api=9 type=0 insize=5469 outsize=2456 kw= ok=1
Cmd: compileSnippet
  api=9 type=0 insize=2505 outsize=1571 kw= ok=1
Cmd: compileSnippet
  api=9 type=0 insize=2521 outsize=972 kw= ok=1
Cmd: compileSnippet
  api=9 type=1 insize=2523 outsize=7 kw= ok=1
Cmd: compileSnippet
  api=9 type=0 insize=2518 outsize=1115 kw= ok=1
Cmd: compileSnippet
  api=9 type=1 insize=2913 outsize=7 kw= ok=1
Cmd: compileSnippet
  api=9 type=0 insize=2935 outsize=1633 kw= ok=1
Cmd: compileSnippet
  api=9 type=0 insize=2903 outsize=1351 kw= ok=1
Unhandled exception: Readfile from pipe failed. GLE=The pipe has been ended.


Quitting shader compiler process
