Base path: C:/Program Files (x86)/Unity_4.6.3f1/Editor/Data
Pipe name: \\.\pipe\UnityShaderCompiler-4-8208
Cmd: getPlatforms
Cmd: compileSnippet
  api=9 type=0 insize=5460 outsize=1376 kw= ok=1
Cmd: compileSnippet
  api=9 type=1 insize=5471 outsize=7 kw= ok=1
Cmd: compileSnippet
  api=9 type=1 insize=2505 outsize=7 kw= ok=1
Cmd: compileSnippet
  api=9 type=0 insize=2514 outsize=1234 kw= ok=1
Cmd: compileSnippet
  api=9 type=0 insize=2517 outsize=919 kw= ok=1
Cmd: compileSnippet
  api=9 type=1 insize=1740 outsize=7 kw= ok=1
Cmd: compileSnippet
  api=9 type=1 insize=2518 outsize=7 kw= ok=1
Cmd: compileSnippet
  api=9 type=0 insize=2520 outsize=1116 kw= ok=1
Cmd: compileSnippet
  api=9 type=1 insize=1675 outsize=7 kw= ok=1
Cmd: compileSnippet
  api=9 type=1 insize=2923 outsize=7 kw= ok=1
Unhandled exception: Readfile from pipe failed. GLE=The pipe has been ended.


Quitting shader compiler process
